<?xml version="1.0" encoding="UTF-8"?>
<!-- Generated by org.testng.reporters.JUnitXMLReporter -->
<testsuite ignored="0" hostname="DESKTOP-RT1RM8J" failures="0" tests="6" name="RegressionTest" time="45.411" errors="0" timestamp="2022-03-26T08:44:07 IST">
  <testcase classname="utility.BaseClass" name="@AfterClass tearDown" time="0.669">
    <failure type="java.lang.AssertionError" message="expected [null] but found [ChromeDriver: chrome on WINDOWS (null)]">
      <![CDATA[java.lang.AssertionError: expected [null] but found [ChromeDriver: chrome on WINDOWS (null)]
at utility.BaseClass.tearDown(BaseClass.java:29)
at java.base/java.util.ArrayList.forEach(ArrayList.java:1511)
... Removed 29 stack frames]]>
    </failure>
  </testcase> <!-- @AfterClass tearDown -->
  <testcase classname="utility.BaseClass" name="@AfterClass tearDown" time="0.643">
    <failure type="java.lang.AssertionError" message="expected [null] but found [ChromeDriver: chrome on WINDOWS (null)]">
      <![CDATA[java.lang.AssertionError: expected [null] but found [ChromeDriver: chrome on WINDOWS (null)]
at utility.BaseClass.tearDown(BaseClass.java:29)
at java.base/java.util.ArrayList.forEach(ArrayList.java:1511)
... Removed 29 stack frames]]>
    </failure>
  </testcase> <!-- @AfterClass tearDown -->
  <testcase classname="day16.SeleniumWithTestNG" name="loginApplication" time="4.67"/>
  <testcase classname="day16.SeleniumWithTestNG" name="logOut" time="1.339"/>
  <testcase classname="day16.SeleniumWithTestNG2" name="loginApplication" time="5.001"/>
  <testcase classname="day16.SeleniumWithTestNG2" name="logOut" time="1.275"/>
  <testcase classname="day16.SeleniumWithTestNG3" name="loginApplication" time="5.857"/>
  <testcase classname="day16.SeleniumWithTestNG3" name="logOut" time="3.54"/>
</testsuite> <!-- RegressionTest -->
